<?xml version="1.0" encoding="UTF-8"?>
<!-- Generated by org.testng.reporters.JUnitReportReporter -->
<testsuite hostname="USER-20160229XJ" name="com.test.myzs.LaunchFirefoxTest" tests="2" failures="0" timestamp="9 Jun 2018 02:10:51 GMT" time="13.119" errors="0">
  <testcase name="test002" time="6.359" classname="com.test.myzs.LaunchFirefoxTest"/>
  <testcase name="test001" time="6.760" classname="com.test.myzs.LaunchFirefoxTest"/>
</testsuite> <!-- com.test.myzs.LaunchFirefoxTest -->
