<?xml version="1.0" encoding="UTF-8"?>
<!-- Generated by org.testng.reporters.JUnitReportReporter -->
<testsuite hostname="USER-20160229XJ" name="com.test.SuiteTwo.ColleTest" tests="1" failures="0" timestamp="9 Jun 2018 02:21:30 GMT" time="0.007" errors="0">
  <testcase name="testset" time="0.007" classname="com.test.SuiteTwo.ColleTest"/>
</testsuite> <!-- com.test.SuiteTwo.ColleTest -->
