<?xml version="1.0" encoding="UTF-8"?>
<!-- Generated by org.testng.reporters.JUnitReportReporter -->
<testsuite hostname="USER-20160229XJ" name="com.test.myzs.SeleniumDemo" tests="2" failures="0" timestamp="23 Jun 2018 06:28:18 GMT" time="4.318" errors="0">
  <testcase name="test003" time="0.236" classname="com.test.myzs.SeleniumDemo"/>
  <testcase name="test001" time="4.082" classname="com.test.myzs.SeleniumDemo"/>
</testsuite> <!-- com.test.myzs.SeleniumDemo -->
